This is pdfTeX, Version 3.141592-1.40.4 (MiKTeX 2.6) (preloaded format=latex 2007.11.30)  23 JUN 2008 23:20
entering extended mode
**final_report.tex
(final_report.tex
LaTeX2e <2005/12/01>
Babel <v3.8h> and hyphenation patterns for english, dumylang, nohyphenation, ge
rman, ngerman, french, loaded.
("C:\Program Files\MiKTeX 2.6\tex\latex\base\report.cls"
Document Class: report 2005/09/16 v1.4f Standard LaTeX document class
("C:\Program Files\MiKTeX 2.6\tex\latex\base\size10.clo"
File: size10.clo 2005/09/16 v1.4f Standard LaTeX file (size option)
)
\c@part=\count79
\c@chapter=\count80
\c@section=\count81
\c@subsection=\count82
\c@subsubsection=\count83
\c@paragraph=\count84
\c@subparagraph=\count85
\c@figure=\count86
\c@table=\count87
\abovecaptionskip=\skip41
\belowcaptionskip=\skip42
\bibindent=\dimen102
)
("C:\Program Files\MiKTeX 2.6\tex\latex\graphics\graphicx.sty"
Package: graphicx 1999/02/16 v1.0f Enhanced LaTeX Graphics (DPC,SPQR)

("C:\Program Files\MiKTeX 2.6\tex\latex\graphics\keyval.sty"
Package: keyval 1999/03/16 v1.13 key=value parser (DPC)
\KV@toks@=\toks14
)
("C:\Program Files\MiKTeX 2.6\tex\latex\graphics\graphics.sty"
Package: graphics 2006/02/20 v1.0o Standard LaTeX Graphics (DPC,SPQR)

("C:\Program Files\MiKTeX 2.6\tex\latex\graphics\trig.sty"
Package: trig 1999/03/16 v1.09 sin cos tan (DPC)
)
("C:\Program Files\MiKTeX 2.6\tex\latex\00miktex\graphics.cfg"
File: graphics.cfg 2007/01/18 v1.5 graphics configuration of teTeX/TeXLive
)
Package graphics Info: Driver file: dvips.def on input line 90.

("C:\Program Files\MiKTeX 2.6\tex\latex\graphics\dvips.def"
File: dvips.def 1999/02/16 v3.0i Driver-dependant file (DPC,SPQR)
))
\Gin@req@height=\dimen103
\Gin@req@width=\dimen104
)
("C:\Program Files\MiKTeX 2.6\tex\latex\graphics\epsfig.sty"
Package: epsfig 1999/02/16 v1.7a (e)psfig emulation (SPQR)
\epsfxsize=\dimen105
\epsfysize=\dimen106
)

LaTeX Warning: Unused global option(s):
    [8pt].

(final_report.aux)
LaTeX Font Info:    Checking defaults for OML/cmm/m/it on input line 7.
LaTeX Font Info:    ... okay on input line 7.
LaTeX Font Info:    Checking defaults for T1/cmr/m/n on input line 7.
LaTeX Font Info:    ... okay on input line 7.
LaTeX Font Info:    Checking defaults for OT1/cmr/m/n on input line 7.
LaTeX Font Info:    ... okay on input line 7.
LaTeX Font Info:    Checking defaults for OMS/cmsy/m/n on input line 7.
LaTeX Font Info:    ... okay on input line 7.
LaTeX Font Info:    Checking defaults for OMX/cmex/m/n on input line 7.
LaTeX Font Info:    ... okay on input line 7.
LaTeX Font Info:    Checking defaults for U/cmr/m/n on input line 7.
LaTeX Font Info:    ... okay on input line 7.
LaTeX Font Info:    External font `cmex10' loaded for size
(Font)              <12> on input line 8.
LaTeX Font Info:    External font `cmex10' loaded for size
(Font)              <8> on input line 8.
LaTeX Font Info:    External font `cmex10' loaded for size
(Font)              <6> on input line 8.
 [1

] [1] (final_report.toc
LaTeX Font Info:    External font `cmex10' loaded for size
(Font)              <7> on input line 2.
LaTeX Font Info:    External font `cmex10' loaded for size
(Font)              <5> on input line 2.
 [1

])
\tf@toc=\write3
 [2] (final_report.lof)
\tf@lof=\write4

[3

]
Chapter 1.
[4

]

LaTeX Warning: Reference `f' on page 5 undefined on input line 76.


LaTeX Warning: Reference `' on page 5 undefined on input line 96.

[5] [6]
Chapter 2.

Overfull \hbox (11.05614pt too wide) in paragraph at lines 194--194
[]\OT1/cmr/bx/n/14.4 Clock Syn-chro-niza-tion in tra-di-tional net-works 
 []

[7

] [8]
LaTeX Font Info:    Try loading font information for OMS+cmr on input line 257.

 ("C:\Program Files\MiKTeX 2.6\tex\latex\base\omscmr.fd"
File: omscmr.fd 1999/05/25 v2.5h Standard LaTeX font definitions
)
LaTeX Font Info:    Font shape `OMS/cmr/m/n' in size <10> not available
(Font)              Font shape `OMS/cmsy/m/n' tried instead on input line 257.
 [9]
File: tdmaframe.eps Graphic file (type eps)

<tdmaframe.eps>
File: tdmaschedule.eps Graphic file (type eps)
 <tdmaschedule.eps> [10] [11]

LaTeX Warning: Reference `fig:guardtime' on page 12 undefined on input line 457
.

[12] [13]
Chapter 3.
[14

]
Missing character: There is no â in font cmr10!
Missing character: There is no € in font cmr10!
Missing character: There is no ™ in font cmr10!
 [15]
Underfull \hbox (badness 10000) in paragraph at lines 570--576

 []

[16]
File: actualvsmeasuredtime.eps Graphic file (type eps)
 <actualvsmeasuredtime.eps> [17] [18] [19] [20]
Chapter 4.
File: guardtime.eps Graphic file (type eps)
<guardtime.eps>
Overfull \hbox (9.5397pt too wide) in paragraph at lines 761--766
[]\OT1/cmr/m/n/10 where $\OML/cmm/m/it/10 ![]$ \OT1/cmr/m/n/10 is the fre-quenc
y of the clock and $\OML/cmm/m/it/10 t[]$ \OT1/cmr/m/n/10 is the du-ra-tion of 
a slot(transmitting
 []

[21

] [22] [23]
File: node_time.eps Graphic file (type eps)
 <node_time.eps> [24] [25]
File: node_field.eps Graphic file (type eps)
 <node_field.eps> [26]
Overfull \hbox (7.00465pt too wide) in paragraph at lines 973--973
[]\OT1/cmr/bx/n/14.4 Weighted Mea-sur-ments - Interferance-phobic 
 []

File: offset_distr.eps Graphic file (type eps)
<offset_distr.eps> [27] [28] [29] [30] [31]
Overfull \hbox (48.54175pt too wide) in paragraph at lines 1149--1151
[]\OT1/cmr/m/n/10 The ran-dom vari-ables $\OML/cmm/m/it/10 w[]$ \OT1/cmr/m/n/10
 and $\OML/cmm/m/it/10 v[]$ \OT1/cmr/m/n/10 rep-re-sent the pro-cess and mea-su
re-ment noise(respectively).
 []


LaTeX Warning: Reference `tdma' on page 32 undefined on input line 1160.

Missing character: There is no â in font cmr10!
Missing character: There is no ˆ in font cmr10!
Missing character: There is no ˆ in font cmr10!

LaTeX Warning: Reference `eq:diff' on page 32 undefined on input line 1205.

[32]

LaTeX Warning: Reference `eq:diff' on page 33 undefined on input line 1209.


LaTeX Warning: Reference `eq:Kaga' on page 33 undefined on input line 1213.


LaTeX Warning: Reference `eq:cov' on page 33 undefined on input line 1215.


LaTeX Warning: Reference `eq:cov' on page 33 undefined on input line 1217.


LaTeX Warning: Reference `eq:kal' on page 33 undefined on input line 1218.


LaTeX Warning: Reference `eq:cov' on page 33 undefined on input line 1222.


LaTeX Warning: Reference `eq:above' on page 33 undefined on input line 1227.

File: kalman_update.eps Graphic file (type eps)
<kalman_update.eps> [33] [34]
Chapter 5.
File: osimodel.eps Graphic file (type eps)
<osimodel.eps> [35

]
File: output.eps Graphic file (type eps)
 <output.eps>
File: output2.eps Graphic file (type eps)
 <output2.eps>
File: output3.eps Graphic file (type eps)
 <output3.eps>
File: output4.eps Graphic file (type eps)
 <output4.eps>
Overfull \hbox (24.0pt too wide) in paragraph at lines 1340--1346
 [][][] 
 []

File: output4.eps Graphic file (type eps)
<output4.eps>
File: output5.eps Graphic file (type eps)
 <output5.eps>
File: output6.eps Graphic file (type eps)
 <output6.eps>
File: output4.eps Graphic file (type eps)
 <output4.eps>
Overfull \hbox (24.0pt too wide) in paragraph at lines 1349--1355
 [][][] 
 []


Overfull \hbox (0.15628pt too wide) in paragraph at lines 1356--1356
[]\OT1/cmr/bx/n/14.4 Energy Con-sump-tion and Guard time trade-
 []

[36] [37]
Chapter 6.
[38

] [39

] [40]
Appendix A.
[41

]
Appendix B.
[42

]
Appendix C.
[43

] (final_report.aux)

LaTeX Warning: There were undefined references.

 ) 
Here is how much of TeX's memory you used:
 783 strings out of 95296
 8166 string characters out of 1184884
 58847 words of memory out of 1055891
 3897 multiletter control sequences out of 60000
 9107 words of font info for 32 fonts, out of 1000000 for 2000
 14 hyphenation exceptions out of 8191
 25i,9n,19p,664b,319s stack positions out of 5000i,500n,10000p,200000b,32768s

Output written on final_report.dvi (45 pages, 125780 bytes).
