This is pdfTeX, Version 3.141592-1.40.4 (MiKTeX 2.6) (preloaded format=latex 2007.11.30)  27 JUL 2008 15:52
entering extended mode
**report.tex
(report.tex
LaTeX2e <2005/12/01>
Babel <v3.8h> and hyphenation patterns for english, dumylang, nohyphenation, ge
rman, ngerman, french, loaded.
("C:\Program Files\MiKTeX 2.6\tex\latex\base\report.cls"
Document Class: report 2005/09/16 v1.4f Standard LaTeX document class
("C:\Program Files\MiKTeX 2.6\tex\latex\base\size10.clo"
File: size10.clo 2005/09/16 v1.4f Standard LaTeX file (size option)
)
\c@part=\count79
\c@chapter=\count80
\c@section=\count81
\c@subsection=\count82
\c@subsubsection=\count83
\c@paragraph=\count84
\c@subparagraph=\count85
\c@figure=\count86
\c@table=\count87
\abovecaptionskip=\skip41
\belowcaptionskip=\skip42
\bibindent=\dimen102
)
("C:\Program Files\MiKTeX 2.6\tex\latex\graphics\graphicx.sty"
Package: graphicx 1999/02/16 v1.0f Enhanced LaTeX Graphics (DPC,SPQR)

("C:\Program Files\MiKTeX 2.6\tex\latex\graphics\keyval.sty"
Package: keyval 1999/03/16 v1.13 key=value parser (DPC)
\KV@toks@=\toks14
)
("C:\Program Files\MiKTeX 2.6\tex\latex\graphics\graphics.sty"
Package: graphics 2006/02/20 v1.0o Standard LaTeX Graphics (DPC,SPQR)

("C:\Program Files\MiKTeX 2.6\tex\latex\graphics\trig.sty"
Package: trig 1999/03/16 v1.09 sin cos tan (DPC)
)
("C:\Program Files\MiKTeX 2.6\tex\latex\00miktex\graphics.cfg"
File: graphics.cfg 2007/01/18 v1.5 graphics configuration of teTeX/TeXLive
)
Package graphics Info: Driver file: dvips.def on input line 90.

("C:\Program Files\MiKTeX 2.6\tex\latex\graphics\dvips.def"
File: dvips.def 1999/02/16 v3.0i Driver-dependant file (DPC,SPQR)
))
\Gin@req@height=\dimen103
\Gin@req@width=\dimen104
)
("C:\Program Files\MiKTeX 2.6\tex\latex\nomencl\nomencl.sty"
Package: nomencl 2005/09/22 v4.2 Nomenclature package (LN)
\nomlabelwidth=\dimen105
\nom@tempdim=\dimen106
\nomitemsep=\skip43
)
\@nomenclaturefile=\write3

Writing nomenclature file report.nlo
("C:\Program Files\MiKTeX 2.6\tex\latex\graphics\epsfig.sty"
Package: epsfig 1999/02/16 v1.7a (e)psfig emulation (SPQR)
\epsfxsize=\dimen107
\epsfysize=\dimen108
)
("C:\Program Files\MiKTeX 2.6\tex\latex\psfrag\psfrag.sty"
Package: psfrag 1998/04/11 v3.04 PSfrag (MCG)
\pfg@pcount=\count88
\pfg@scount=\count89
\pfg@temp=\write4
)
("C:\Program Files\MiKTeX 2.6\tex\latex\ltxmisc\a4wide.sty"
Package: a4wide 1994/08/30

("C:\Program Files\MiKTeX 2.6\tex\latex\ntgclass\a4.sty"
Package: a4 2004/04/15 v1.2g A4 based page layout
)) (report.aux)
LaTeX Font Info:    Checking defaults for OML/cmm/m/it on input line 28.
LaTeX Font Info:    ... okay on input line 28.
LaTeX Font Info:    Checking defaults for T1/cmr/m/n on input line 28.
LaTeX Font Info:    ... okay on input line 28.
LaTeX Font Info:    Checking defaults for OT1/cmr/m/n on input line 28.
LaTeX Font Info:    ... okay on input line 28.
LaTeX Font Info:    Checking defaults for OMS/cmsy/m/n on input line 28.
LaTeX Font Info:    ... okay on input line 28.
LaTeX Font Info:    Checking defaults for OMX/cmex/m/n on input line 28.
LaTeX Font Info:    ... okay on input line 28.
LaTeX Font Info:    Checking defaults for U/cmr/m/n on input line 28.
LaTeX Font Info:    ... okay on input line 28.
LaTeX Font Info:    External font `cmex10' loaded for size
(Font)              <7> on input line 42.
LaTeX Font Info:    External font `cmex10' loaded for size
(Font)              <5> on input line 42.
File: TUElogoCompact2.eps Graphic file (type eps)

<TUElogoCompact2.eps>
Overfull \hbox (343.63815pt too wide) in paragraph at lines 42--43
 []$ 
 []

LaTeX Font Info:    External font `cmex10' loaded for size
(Font)              <12> on input line 57.
LaTeX Font Info:    External font `cmex10' loaded for size
(Font)              <8> on input line 57.
LaTeX Font Info:    External font `cmex10' loaded for size
(Font)              <6> on input line 57.

Overfull \hbox (30.65784pt too wide) in paragraph at lines 52--60
 []$ 
 []


Underfull \hbox (badness 10000) in paragraph at lines 63--70

 []


Overfull \hbox (32.88005pt too wide) in paragraph at lines 61--71
  [] 
 []

[1

] [1]
Overfull \hbox (4.65108pt too wide) in paragraph at lines 88--98
\OT1/cmr/m/n/10 Time syn-chro-niza-tion is a cru-cial com-po-nent of in-fras-tr
uc-ture for \OT1/cmr/m/it/10 Wire-less Sen-sor Net-works\OT1/cmr/m/n/10 (WSNs).

 []

[2] (report.toc [3

])
\tf@toc=\write5
 [4] (report.lof [5

])
\tf@lof=\write6
 (report.nls [6]) [7

]
Chapter 1.
[1

] [2] [3]
Chapter 2.
[4

]
File: ntp.eps Graphic file (type eps)
 <ntp.eps> [5]
File: lions.eps Graphic file (type eps)
 <lions.eps> [6]
File: tdmaframe.eps Graphic file (type eps)
 <tdmaframe.eps>
File: tdmaschedule.eps Graphic file (type eps)
 <tdmaschedule.eps> [7]
LaTeX Font Info:    Try loading font information for OMS+cmr on input line 218.


("C:\Program Files\MiKTeX 2.6\tex\latex\base\omscmr.fd"
File: omscmr.fd 1999/05/25 v2.5h Standard LaTeX font definitions
)
LaTeX Font Info:    Font shape `OMS/cmr/m/n' in size <10> not available
(Font)              Font shape `OMS/cmsy/m/n' tried instead on input line 218.
 [8] [9]
Chapter 3.
[10

] [11]
File: actualvsmeasuredtime.eps Graphic file (type eps)
 <actualvsmeasuredtime.eps> [12] [13]
File: buildingblock.eps Graphic file (type eps)
 <buildingblock.eps> [14]
[15]
Chapter 4.
[16

] [17]
File: guardtime.eps Graphic file (type eps)
 <guardtime.eps> [18] [19]
File: lowerbound.eps Graphic file (type eps)
 <lowerbound.eps> [20]
Underfull \hbox (badness 10000) in paragraph at lines 519--523

 []

[21]
File: node_field.eps Graphic file (type eps)
 <node_field.eps>
File: offsetpic.eps Graphic file (type eps)
 <offsetpic.eps>
Underfull \hbox (badness 10000) in paragraph at lines 557--571

 []

[22] [23]
File: weight.eps Graphic file (type eps)
 <weight.eps>
Underfull \hbox (badness 10000) in paragraph at lines 614--631

 []

[24]
File: curvefit.eps Graphic file (type eps)
 <curvefit.eps> [25] [26] [27]
Underfull \hbox (badness 10000) in paragraph at lines 721--736

 []


Underfull \hbox (badness 10000) in paragraph at lines 721--736

 []

[28]
Missing character: There is no â in font cmr10!
Missing character: There is no € in font cmr10!
Missing character: There is no “ in font cmr10!
Missing character: There is no â in font cmr10!
Missing character: There is no € in font cmr10!
Missing character: There is no “ in font cmr10!
 [29]
Underfull \hbox (badness 10000) in paragraph at lines 825--838

 []

[30]
File: guardtimesaving.eps Graphic file (type eps)
 <guardtimesaving.eps> [31] [32] [33]
Chapter 5.
File: osimodel.eps Graphic file (type eps)
<osimodel.eps> [34

]
Underfull \hbox (badness 10000) in paragraph at lines 904--906

 []

File: 16output-s0.eps Graphic file (type eps)
<16output-s0.eps>

LaTeX Warning: `!h' float specifier changed to `!ht'.

File: 50output-s0.eps Graphic file (type eps)
<50output-s0.eps>
File: 16output-s6.eps Graphic file (type eps)
 <16output-s6.eps>
File: 16output-s20.eps Graphic file (type eps)
 <16output-s20.eps> [35]
File: 50output-s6.eps Graphic file (type eps)
 <50output-s6.eps>
File: 50output-s20.eps Graphic file (type eps)

<50output-s20.eps> [36] [37]
File: guardsave.eps Graphic file (type eps)
 <guardsave.eps> [38] [39] [40] [41]
Chapter 6.
[42

] [43]
Appendix A.
File: gainfactor.eps Graphic file (type eps)
<gainfactor.eps>
File: tsync0.eps Graphic file (type eps)
 <tsync0.eps>
File: tsync6.eps Graphic file (type eps)
 <tsync6.eps>
File: tsync20.eps Graphic file (type eps)
 <tsync20.eps> [44

]

LaTeX Warning: `!h' float specifier changed to `!ht'.

File: varspeed20.eps Graphic file (type eps)
<varspeed20.eps>
File: varspeed50.eps Graphic file (type eps)
 <varspeed50.eps> [45]
File: 16output-error.eps Graphic file (type eps)
 <16output-error.eps>
File: 50output-error.eps Graphic file (type eps)

<50output-error.eps>

LaTeX Warning: `!h' float specifier changed to `!ht'.


LaTeX Warning: `!h' float specifier changed to `!ht'.

[46] [47] [48]
Appendix B.
File: myrianode.eps Graphic file (type eps)
<myrianode.eps> [49

]
File: myrianodearch.eps Graphic file (type eps)
 <myrianodearch.eps>
File: table1.eps Graphic file (type eps)
 <table1.eps>
File: table2.eps Graphic file (type eps)
 <table2.eps> [50]
File: myrianodephy.eps Graphic file (type eps)

<myrianodephy.eps>

LaTeX Warning: `!h' float specifier changed to `!ht'.

File: battery.eps Graphic file (type eps)
<battery.eps> [51] [52] [53]
Missing character: There is no â in font cmr10!
Missing character: There is no € in font cmr10!
Missing character: There is no “ in font cmr10!
 [54

]
Missing character: There is no â in font cmr10!
Missing character: There is no € in font cmr10!
Missing character: There is no ™ in font cmr10!
Missing character: There is no â in font cmr10!
Missing character: There is no € in font cmr10!
Missing character: There is no “ in font cmr10!
 [55] [56] (report.aux) ) 
Here is how much of TeX's memory you used:
 1122 strings out of 95296
 11575 string characters out of 1184884
 58984 words of memory out of 1058076
 4124 multiletter control sequences out of 60000
 10119 words of font info for 35 fonts, out of 1000000 for 2000
 14 hyphenation exceptions out of 8191
 25i,9n,25p,2148b,334s stack positions out of 5000i,500n,10000p,200000b,32768s

Output written on report.dvi (64 pages, 151744 bytes).
