This is pdfTeXk, Version 3.141592-1.40.3 (Web2C 7.5.6) (format=latex 2008.5.8)  20 JUN 2008 14:15
entering extended mode
 %&-line parsing enabled.
**report_internship.tex
(./report_internship.tex
LaTeX2e <2005/12/01>
Babel <v3.8h> and hyphenation patterns for english, usenglishmax, dumylang, noh
yphenation, loaded.
(/usr/share/texmf-texlive/tex/latex/base/article.cls
Document Class: article 2005/09/16 v1.4f Standard LaTeX document class
(/usr/share/texmf-texlive/tex/latex/base/size10.clo
File: size10.clo 2005/09/16 v1.4f Standard LaTeX file (size option)
)
\c@part=\count79
\c@section=\count80
\c@subsection=\count81
\c@subsubsection=\count82
\c@paragraph=\count83
\c@subparagraph=\count84
\c@figure=\count85
\c@table=\count86
\abovecaptionskip=\skip41
\belowcaptionskip=\skip42
\bibindent=\dimen102
)
(/usr/share/texmf-texlive/tex/latex/graphics/graphicx.sty
Package: graphicx 1999/02/16 v1.0f Enhanced LaTeX Graphics (DPC,SPQR)

(/usr/share/texmf-texlive/tex/latex/graphics/keyval.sty
Package: keyval 1999/03/16 v1.13 key=value parser (DPC)
\KV@toks@=\toks14
)
(/usr/share/texmf-texlive/tex/latex/graphics/graphics.sty
Package: graphics 2006/02/20 v1.0o Standard LaTeX Graphics (DPC,SPQR)

(/usr/share/texmf-texlive/tex/latex/graphics/trig.sty
Package: trig 1999/03/16 v1.09 sin cos tan (DPC)
)
(/etc/texmf/tex/latex/config/graphics.cfg
File: graphics.cfg 2007/01/18 v1.5 graphics configuration of teTeX/TeXLive
)
Package graphics Info: Driver file: dvips.def on input line 90.

(/usr/share/texmf-texlive/tex/latex/graphics/dvips.def
File: dvips.def 1999/02/16 v3.0i Driver-dependant file (DPC,SPQR)
))
\Gin@req@height=\dimen103
\Gin@req@width=\dimen104
)
(./report_internship.aux)
\openout1 = `report_internship.aux'.

LaTeX Font Info:    Checking defaults for OML/cmm/m/it on input line 3.
LaTeX Font Info:    ... okay on input line 3.
LaTeX Font Info:    Checking defaults for T1/cmr/m/n on input line 3.
LaTeX Font Info:    ... okay on input line 3.
LaTeX Font Info:    Checking defaults for OT1/cmr/m/n on input line 3.
LaTeX Font Info:    ... okay on input line 3.
LaTeX Font Info:    Checking defaults for OMS/cmsy/m/n on input line 3.
LaTeX Font Info:    ... okay on input line 3.
LaTeX Font Info:    Checking defaults for OMX/cmex/m/n on input line 3.
LaTeX Font Info:    ... okay on input line 3.
LaTeX Font Info:    Checking defaults for U/cmr/m/n on input line 3.
LaTeX Font Info:    ... okay on input line 3.
LaTeX Font Info:    External font `cmex10' loaded for size
(Font)              <12> on input line 6.
LaTeX Font Info:    External font `cmex10' loaded for size
(Font)              <8> on input line 6.
LaTeX Font Info:    External font `cmex10' loaded for size
(Font)              <6> on input line 6.
 [1

] (./report_internship.toc)
\tf@toc=\write3
\openout3 = `report_internship.toc'.

 [1]
(./report_internship.lof)
\tf@lof=\write4
\openout4 = `report_internship.lof'.

 [2]

LaTeX Warning: Citation `1' on page 3 undefined on input line 15.


LaTeX Warning: Citation `2' on page 3 undefined on input line 15.


LaTeX Warning: Citation `4' on page 3 undefined on input line 15.

[3]
LaTeX Font Info:    External font `cmex10' loaded for size
(Font)              <7> on input line 27.
LaTeX Font Info:    External font `cmex10' loaded for size
(Font)              <5> on input line 27.


LaTeX Warning: Reference `fig:final' on page 4 undefined on input line 27.


! LaTeX Error: File `final' not found.

See the LaTeX manual or LaTeX Companion for explanation.
Type  H <return>  for immediate help.
 ...                                              
                                                  
l.35 \includegraphics[width=0.8\textwidth]{final}
                                                 
I could not locate the file with any of these extensions:
.eps,.ps,.eps.gz,.ps.gz,.eps.Z
Try typing  <return>  to proceed.
If that doesn't work, type  X <return>  to quit.

[4]

LaTeX Warning: Reference `fig:RP' on page 5 undefined on input line 61.


! LaTeX Error: File `RadiationPattern' not found.

See the LaTeX manual or LaTeX Companion for explanation.
Type  H <return>  for immediate help.
 ...                                              
                                                  
l.64 ...ics[width=0.8\textwidth]{RadiationPattern}
                                                  
I could not locate the file with any of these extensions:
.eps,.ps,.eps.gz,.ps.gz,.eps.Z
Try typing  <return>  to proceed.
If that doesn't work, type  X <return>  to quit.


LaTeX Warning: Reference `fig:LAD1' on page 5 undefined on input line 85.


! LaTeX Error: File `LAD1' not found.

See the LaTeX manual or LaTeX Companion for explanation.
Type  H <return>  for immediate help.
 ...                                              
                                                  
l.88 ...includegraphics[width=0.8\textwidth]{LAD1}
                                                  
I could not locate the file with any of these extensions:
.eps,.ps,.eps.gz,.ps.gz,.eps.Z
Try typing  <return>  to proceed.
If that doesn't work, type  X <return>  to quit.


LaTeX Warning: Reference `fig:CA' on page 5 undefined on input line 93.


! LaTeX Error: File `Chart1' not found.

See the LaTeX manual or LaTeX Companion for explanation.
Type  H <return>  for immediate help.
 ...                                              
                                                  
l.96 ...cludegraphics[width=0.3\textwidth]{Chart1}
                                                  
I could not locate the file with any of these extensions:
.eps,.ps,.eps.gz,.ps.gz,.eps.Z
Try typing  <return>  to proceed.
If that doesn't work, type  X <return>  to quit.


LaTeX Warning: Citation `2' on page 5 undefined on input line 100.


LaTeX Warning: Reference `fig:CAD1' on page 5 undefined on input line 100.


! LaTeX Error: File `CAD1' not found.

See the LaTeX manual or LaTeX Companion for explanation.
Type  H <return>  for immediate help.
 ...                                              
                                                  
l.103 ...ncludegraphics[width=0.8\textwidth]{CAD1}
                                                  
I could not locate the file with any of these extensions:
.eps,.ps,.eps.gz,.ps.gz,.eps.Z
Try typing  <return>  to proceed.
If that doesn't work, type  X <return>  to quit.


LaTeX Warning: Reference `fig:CAD2' on page 5 undefined on input line 107.


! LaTeX Error: File `CAD2' not found.

See the LaTeX manual or LaTeX Companion for explanation.
Type  H <return>  for immediate help.
 ...                                              
                                                  
l.110 ...ncludegraphics[width=0.8\textwidth]{CAD2}
                                                  
I could not locate the file with any of these extensions:
.eps,.ps,.eps.gz,.ps.gz,.eps.Z
Try typing  <return>  to proceed.
If that doesn't work, type  X <return>  to quit.

[5]

LaTeX Warning: Citation `4' on page 6 undefined on input line 119.


LaTeX Warning: Citation `4' on page 6 undefined on input line 123.


LaTeX Warning: Reference `fig:Pyramid' on page 6 undefined on input line 123.


! LaTeX Error: File `Pyramid' not found.

See the LaTeX manual or LaTeX Companion for explanation.
Type  H <return>  for immediate help.
 ...                                              
                                                  
l.126 ...udegraphics[width=0.6\textwidth]{Pyramid}
                                                  
I could not locate the file with any of these extensions:
.eps,.ps,.eps.gz,.ps.gz,.eps.Z
Try typing  <return>  to proceed.
If that doesn't work, type  X <return>  to quit.

[6]

LaTeX Warning: Reference `fig:Deflector' on page 7 undefined on input line 134.



! LaTeX Error: File `Deflector' not found.

See the LaTeX manual or LaTeX Companion for explanation.
Type  H <return>  for immediate help.
 ...                                              
                                                  
l.137 ...egraphics[width=0.6\textwidth]{Deflector}
                                                  
I could not locate the file with any of these extensions:
.eps,.ps,.eps.gz,.ps.gz,.eps.Z
Try typing  <return>  to proceed.
If that doesn't work, type  X <return>  to quit.


LaTeX Warning: Reference `eq:Power' on page 7 undefined on input line 150.

[7]

LaTeX Warning: Reference `fig:CAD1' on page 8 undefined on input line 190.


LaTeX Warning: Reference `fig:BroadsideDir' on page 8 undefined on input line 1
92.


LaTeX Warning: Reference `eq:Power' on page 8 undefined on input line 192.


! LaTeX Error: File `BroadsidePattern' not found.

See the LaTeX manual or LaTeX Companion for explanation.
Type  H <return>  for immediate help.
 ...                                              
                                                  
l.195 ...hics[width=1\textwidth]{BroadsidePattern}
                                                  
I could not locate the file with any of these extensions:
.eps,.ps,.eps.gz,.ps.gz,.eps.Z
Try typing  <return>  to proceed.
If that doesn't work, type  X <return>  to quit.


LaTeX Warning: Reference `fig:Directivity15' on page 8 undefined on input line 
200.


LaTeX Warning: Reference `fig:Directivity15W' on page 8 undefined on input line
 200.


! LaTeX Error: File `Broadside15WithoutDeflector' not found.

See the LaTeX manual or LaTeX Companion for explanation.
Type  H <return>  for immediate help.
 ...                                              
                                                  
l.203 ...8\textwidth]{Broadside15WithoutDeflector}
                                                  
I could not locate the file with any of these extensions:
.eps,.ps,.eps.gz,.ps.gz,.eps.Z
Try typing  <return>  to proceed.
If that doesn't work, type  X <return>  to quit.


! LaTeX Error: File `Broadside15Pattern' not found.

See the LaTeX manual or LaTeX Companion for explanation.
Type  H <return>  for immediate help.
 ...                                              
                                                  
l.209 ...[width=0.8\textwidth]{Broadside15Pattern}
                                                  
I could not locate the file with any of these extensions:
.eps,.ps,.eps.gz,.ps.gz,.eps.Z
Try typing  <return>  to proceed.
If that doesn't work, type  X <return>  to quit.


Underfull \hbox (badness 10000) in paragraph at lines 190--214

 []

[8]

LaTeX Warning: Citation `4' on page 9 undefined on input line 216.


LaTeX Warning: Reference `fig:Pyramid' on page 9 undefined on input line 217.


LaTeX Warning: Reference `eq:Pat' on page 9 undefined on input line 219.

[9] [10]

LaTeX Warning: Reference `fig:SquareNorm0' on page 11 undefined on input line 2
24.


LaTeX Warning: Reference `eq:Phase' on page 11 undefined on input line 224.


! LaTeX Error: File `SquareNorm0' not found.

See the LaTeX manual or LaTeX Companion for explanation.
Type  H <return>  for immediate help.
 ...                                              
                                                  
l.227 ...egraphics[width=1\textwidth]{SquareNorm0}
                                                  
I could not locate the file with any of these extensions:
.eps,.ps,.eps.gz,.ps.gz,.eps.Z
Try typing  <return>  to proceed.
If that doesn't work, type  X <return>  to quit.


LaTeX Warning: Reference `fig:SquarewithComp' on page 11 undefined on input lin
e 232.


! LaTeX Error: File `SquareNorm0WithPathComp' not found.

See the LaTeX manual or LaTeX Companion for explanation.
Type  H <return>  for immediate help.
 ...                                              
                                                  
l.235 ...dth=1\textwidth]{SquareNorm0WithPathComp}
                                                  
I could not locate the file with any of these extensions:
.eps,.ps,.eps.gz,.ps.gz,.eps.Z
Try typing  <return>  to proceed.
If that doesn't work, type  X <return>  to quit.


LaTeX Warning: Reference `fig:SquareHalfwave0' on page 11 undefined on input li
ne 240.


! LaTeX Error: File `SquareHalfwave0' not found.

See the LaTeX manual or LaTeX Companion for explanation.
Type  H <return>  for immediate help.
 ...                                              
                                                  
l.243 ...phics[width=1\textwidth]{SquareHalfwave0}
                                                  
I could not locate the file with any of these extensions:
.eps,.ps,.eps.gz,.ps.gz,.eps.Z
Try typing  <return>  to proceed.
If that doesn't work, type  X <return>  to quit.

[11]

LaTeX Warning: Reference `fig:HexNorm0' on page 12 undefined on input line 248.



! LaTeX Error: File `HexNorm0' not found.

See the LaTeX manual or LaTeX Companion for explanation.
Type  H <return>  for immediate help.
 ...                                              
                                                  
l.251 ...ludegraphics[width=1\textwidth]{HexNorm0}
                                                  
I could not locate the file with any of these extensions:
.eps,.ps,.eps.gz,.ps.gz,.eps.Z
Try typing  <return>  to proceed.
If that doesn't work, type  X <return>  to quit.


LaTeX Warning: Reference `fig:SquareNorm0' on page 12 undefined on input line 2
57.


LaTeX Warning: Reference `fig:HexNorm0' on page 12 undefined on input line 257.



LaTeX Warning: Reference `fig:SquareNormPattern0' on page 12 undefined on input
 line 259.


! LaTeX Error: File `SquareNormPattern0' not found.

See the LaTeX manual or LaTeX Companion for explanation.
Type  H <return>  for immediate help.
 ...                                              
                                                  
l.264 ...cs[width=1\textwidth]{SquareNormPattern0}
                                                  
I could not locate the file with any of these extensions:
.eps,.ps,.eps.gz,.ps.gz,.eps.Z
Try typing  <return>  to proceed.
If that doesn't work, type  X <return>  to quit.

[12]

LaTeX Warning: Reference `fig:OmnidirectionalPat' on page 13 undefined on input
 line 269.


! LaTeX Error: File `OmnidirectionalPat' not found.

See the LaTeX manual or LaTeX Companion for explanation.
Type  H <return>  for immediate help.
 ...                                              
                                                  
l.272 ...cs[width=1\textwidth]{OmnidirectionalPat}
                                                  
I could not locate the file with any of these extensions:
.eps,.ps,.eps.gz,.ps.gz,.eps.Z
Try typing  <return>  to proceed.
If that doesn't work, type  X <return>  to quit.


LaTeX Warning: Reference `fig:SquareDeflected45' on page 13 undefined on input 
line 277.


! LaTeX Error: File `Squareat45' not found.

See the LaTeX manual or LaTeX Companion for explanation.
Type  H <return>  for immediate help.
 ...                                              
                                                  
l.280 ...degraphics[width=1\textwidth]{Squareat45}
                                                  
I could not locate the file with any of these extensions:
.eps,.ps,.eps.gz,.ps.gz,.eps.Z
Try typing  <return>  to proceed.
If that doesn't work, type  X <return>  to quit.


LaTeX Warning: Reference `fig:HexDeflected45' on page 13 undefined on input lin
e 285.


! LaTeX Error: File `Hexat45' not found.

See the LaTeX manual or LaTeX Companion for explanation.
Type  H <return>  for immediate help.
 ...                                              
                                                  
l.288 \includegraphics[width=1\textwidth]{Hexat45}
                                                  
I could not locate the file with any of these extensions:
.eps,.ps,.eps.gz,.ps.gz,.eps.Z
Try typing  <return>  to proceed.
If that doesn't work, type  X <return>  to quit.

[13]

LaTeX Warning: Reference `eq:Phase' on page 14 undefined on input line 293.


LaTeX Warning: Reference `fig:SquareDeflected60' on page 14 undefined on input 
line 293.


! LaTeX Error: File `SquareDeflected60' not found.

See the LaTeX manual or LaTeX Companion for explanation.
Type  H <return>  for immediate help.
 ...                                              
                                                  
l.296 ...ics[width=1\textwidth]{SquareDeflected60}
                                                  
I could not locate the file with any of these extensions:
.eps,.ps,.eps.gz,.ps.gz,.eps.Z
Try typing  <return>  to proceed.
If that doesn't work, type  X <return>  to quit.

[14]

LaTeX Warning: Citation `4' on page 15 undefined on input line 302.

[15]
Underfull \hbox (badness 2384) in paragraph at lines 314--315
[]\OT1/cmr/m/n/10 Maurice Kastelijn. A Pla-nar Pas-sive Elec-tro-mag-netic De-f
lec-tor for
 []

[16] (./report_internship.aux)

LaTeX Warning: There were undefined references.


LaTeX Warning: Label(s) may have changed. Rerun to get cross-references right.

 ) 
Here is how much of TeX's memory you used:
 641 strings out of 95087
 7805 string characters out of 1183279
 57406 words of memory out of 1500000
 3798 multiletter control sequences out of 10000+50000
 8241 words of font info for 29 fonts, out of 1200000 for 2000
 28 hyphenation exceptions out of 8191
 25i,6n,21p,1219b,179s stack positions out of 5000i,500n,6000p,200000b,5000s

Output written on report_internship.dvi (17 pages, 44572 bytes).
